<?xml version="1.0" encoding="UTF-8"?>
<!-- Generated by org.testng.reporters.JUnitReportReporter -->
<testsuite hostname="DESKTOP-U4NPF4U" failures="0" tests="1" name="Tests.PlaygroundTests" time="18.212" errors="0" timestamp="2023-06-05T12:46:37 CEST" skipped="0">
  <testcase classname="Tests.PlaygroundTests" name="progreessBarTest" time="18.212"/>
  <system-out/>
</testsuite> <!-- Tests.PlaygroundTests -->
